2025-10-03 17:44:22,612 - root - INFO - Starting SIEM NLP Assistant...
2025-10-03 17:44:22,613 - services.nlp_service - INFO - Initializing NLP service...
2025-10-03 17:44:37,523 - tensorflow - WARNING - From C:\Users\naren\AppData\Local\Programs\Python\Python312\Lib\site-packages\tf_keras\src\losses.py:2976: The name tf.losses.sparse_softmax_cross_entropy is deprecated. Please use tf.compat.v1.losses.sparse_softmax_cross_entropy instead.

2025-10-03 17:44:39,325 - huggingface_hub.file_download - WARNING - Xet Storage is enabled for this repo, but the 'hf_xet' package is not installed. Falling back to regular HTTP download. For better performance, install the package with: `pip install huggingface_hub[hf_xet]` or `pip install hf_xet`
2025-10-03 17:45:31,050 - services.nlp_service - INFO - NLP service initialized successfully
2025-10-03 17:49:46,893 - root - INFO - Starting SIEM NLP Assistant...
2025-10-03 17:49:46,911 - services.nlp_service - INFO - Initializing NLP service...
2025-10-03 17:50:05,530 - tensorflow - WARNING - From C:\Users\naren\AppData\Local\Programs\Python\Python312\Lib\site-packages\tf_keras\src\losses.py:2976: The name tf.losses.sparse_softmax_cross_entropy is deprecated. Please use tf.compat.v1.losses.sparse_softmax_cross_entropy instead.

2025-10-03 17:50:09,519 - services.nlp_service - INFO - NLP service initialized successfully
2025-10-03 17:50:09,520 - root - INFO - Initializing context manager...
2025-10-03 17:50:09,521 - root - INFO - Setting up resources.
2025-10-03 17:50:09,523 - root - INFO - All services initialized successfully
2025-10-03 17:53:39,462 - services.nlp_service - INFO - Initializing NLP service...
2025-10-03 17:53:44,194 - services.nlp_service - INFO - NLP service initialized successfully
2025-10-03 17:53:44,280 - services.nlp_service - INFO - Cleaning up NLP service...
2025-10-03 17:53:44,308 - services.nlp_service - INFO - Initializing NLP service...
2025-10-03 17:53:46,897 - services.nlp_service - INFO - NLP service initialized successfully
2025-10-03 17:53:46,914 - services.nlp_service - INFO - Cleaning up NLP service...
2025-10-03 17:54:39,989 - services.nlp_service - INFO - Initializing NLP service...
2025-10-03 17:54:43,461 - services.nlp_service - INFO - NLP service initialized successfully
2025-10-03 17:54:43,522 - services.nlp_service - INFO - Cleaning up NLP service...
2025-10-03 17:55:39,987 - services.nlp_service - INFO - Initializing NLP service...
2025-10-03 17:55:41,953 - services.nlp_service - INFO - NLP service initialized successfully
2025-10-03 17:55:41,972 - services.nlp_service - INFO - Cleaning up NLP service...
2025-10-03 17:56:39,968 - services.nlp_service - INFO - Initializing NLP service...
2025-10-03 17:56:42,241 - services.nlp_service - INFO - NLP service initialized successfully
2025-10-03 17:56:42,257 - services.nlp_service - INFO - Cleaning up NLP service...
2025-10-03 17:57:39,978 - services.nlp_service - INFO - Initializing NLP service...
2025-10-03 17:57:45,906 - services.nlp_service - INFO - NLP service initialized successfully
2025-10-03 17:57:45,958 - services.nlp_service - INFO - Cleaning up NLP service...
2025-10-03 17:58:40,012 - services.nlp_service - INFO - Initializing NLP service...
2025-10-03 17:58:43,452 - services.nlp_service - INFO - NLP service initialized successfully
2025-10-03 17:58:43,471 - services.nlp_service - INFO - Cleaning up NLP service...
2025-10-03 17:59:39,975 - services.nlp_service - INFO - Initializing NLP service...
2025-10-03 17:59:43,279 - services.nlp_service - INFO - NLP service initialized successfully
2025-10-03 17:59:43,382 - services.nlp_service - INFO - Cleaning up NLP service...
2025-10-03 18:00:39,973 - services.nlp_service - INFO - Initializing NLP service...
2025-10-03 18:00:50,324 - services.nlp_service - INFO - NLP service initialized successfully
2025-10-03 18:00:50,346 - services.nlp_service - INFO - Cleaning up NLP service...
2025-10-03 18:01:39,979 - services.nlp_service - INFO - Initializing NLP service...
2025-10-03 18:01:42,502 - services.nlp_service - INFO - NLP service initialized successfully
2025-10-03 18:01:42,517 - services.nlp_service - INFO - Cleaning up NLP service...
2025-10-03 18:02:46,011 - services.nlp_service - INFO - Initializing NLP service...
2025-10-03 18:02:49,165 - services.nlp_service - INFO - NLP service initialized successfully
2025-10-03 18:02:49,210 - services.nlp_service - INFO - Cleaning up NLP service...
2025-10-03 18:03:46,005 - services.nlp_service - INFO - Initializing NLP service...
2025-10-03 18:03:48,774 - services.nlp_service - INFO - NLP service initialized successfully
2025-10-03 18:03:48,792 - services.nlp_service - INFO - Cleaning up NLP service...
2025-10-03 18:04:46,041 - services.nlp_service - INFO - Initializing NLP service...
2025-10-03 18:04:48,632 - services.nlp_service - INFO - NLP service initialized successfully
2025-10-03 18:04:48,652 - services.nlp_service - INFO - Cleaning up NLP service...
2025-10-03 18:05:02,939 - services.nlp_service - INFO - Initializing NLP service...
2025-10-03 18:05:05,874 - services.nlp_service - INFO - NLP service initialized successfully
2025-10-03 18:05:05,895 - services.nlp_service - INFO - Cleaning up NLP service...
2025-10-03 18:05:05,924 - services.nlp_service - INFO - Initializing NLP service...
2025-10-03 18:05:08,566 - services.nlp_service - INFO - NLP service initialized successfully
2025-10-03 18:05:08,581 - services.nlp_service - INFO - Cleaning up NLP service...
2025-10-03 18:06:02,970 - services.nlp_service - INFO - Initializing NLP service...
2025-10-03 18:06:04,925 - services.nlp_service - INFO - NLP service initialized successfully
2025-10-03 18:06:04,940 - services.nlp_service - INFO - Cleaning up NLP service...
2025-10-03 18:07:02,970 - services.nlp_service - INFO - Initializing NLP service...
2025-10-03 18:07:05,112 - services.nlp_service - INFO - NLP service initialized successfully
2025-10-03 18:07:05,131 - services.nlp_service - INFO - Cleaning up NLP service...
2025-10-03 18:08:02,971 - services.nlp_service - INFO - Initializing NLP service...
2025-10-03 18:08:05,093 - services.nlp_service - INFO - NLP service initialized successfully
2025-10-03 18:08:05,105 - services.nlp_service - INFO - Cleaning up NLP service...
2025-10-03 18:09:02,981 - services.nlp_service - INFO - Initializing NLP service...
2025-10-03 18:09:05,383 - services.nlp_service - INFO - NLP service initialized successfully
2025-10-03 18:09:05,393 - services.nlp_service - INFO - Cleaning up NLP service...
2025-10-03 18:10:02,986 - services.nlp_service - INFO - Initializing NLP service...
2025-10-03 18:10:05,230 - services.nlp_service - INFO - NLP service initialized successfully
2025-10-03 18:10:05,259 - services.nlp_service - INFO - Cleaning up NLP service...
2025-10-03 18:11:02,974 - services.nlp_service - INFO - Initializing NLP service...
2025-10-03 18:11:05,027 - services.nlp_service - INFO - NLP service initialized successfully
2025-10-03 18:11:05,038 - services.nlp_service - INFO - Cleaning up NLP service...
2025-10-03 18:12:46,023 - services.nlp_service - INFO - Initializing NLP service...
2025-10-03 18:12:48,174 - services.nlp_service - INFO - NLP service initialized successfully
2025-10-03 18:12:48,191 - services.nlp_service - INFO - Cleaning up NLP service...
2025-10-03 18:13:45,999 - services.nlp_service - INFO - Initializing NLP service...
2025-10-03 18:13:48,278 - services.nlp_service - INFO - NLP service initialized successfully
2025-10-03 18:13:48,296 - services.nlp_service - INFO - Cleaning up NLP service...
2025-10-03 18:14:45,999 - services.nlp_service - INFO - Initializing NLP service...
2025-10-03 18:14:48,275 - services.nlp_service - INFO - NLP service initialized successfully
2025-10-03 18:14:48,298 - services.nlp_service - INFO - Cleaning up NLP service...
2025-10-03 18:15:46,031 - services.nlp_service - INFO - Initializing NLP service...
2025-10-03 18:15:47,658 - services.nlp_service - INFO - NLP service initialized successfully
2025-10-03 18:15:47,673 - services.nlp_service - INFO - Cleaning up NLP service...
2025-10-03 18:16:46,001 - services.nlp_service - INFO - Initializing NLP service...
2025-10-03 18:16:48,133 - services.nlp_service - INFO - NLP service initialized successfully
2025-10-03 18:16:55,155 - services.nlp_service - INFO - Cleaning up NLP service...
2025-10-03 18:17:46,045 - services.nlp_service - INFO - Initializing NLP service...
2025-10-03 18:17:48,424 - services.nlp_service - INFO - NLP service initialized successfully
2025-10-03 18:17:48,449 - services.nlp_service - INFO - Cleaning up NLP service...
2025-10-03 18:18:46,043 - services.nlp_service - INFO - Initializing NLP service...
2025-10-03 18:18:48,029 - services.nlp_service - INFO - NLP service initialized successfully
2025-10-03 18:18:48,041 - services.nlp_service - INFO - Cleaning up NLP service...
2025-10-03 18:19:46,055 - services.nlp_service - INFO - Initializing NLP service...
2025-10-03 18:19:47,680 - services.nlp_service - INFO - NLP service initialized successfully
2025-10-03 18:19:47,693 - services.nlp_service - INFO - Cleaning up NLP service...
2025-10-03 18:20:46,026 - services.nlp_service - INFO - Initializing NLP service...
2025-10-03 18:20:48,026 - services.nlp_service - INFO - NLP service initialized successfully
2025-10-03 18:20:48,039 - services.nlp_service - INFO - Cleaning up NLP service...
2025-10-03 18:21:45,687 - services.nlp_service - INFO - Initializing NLP service...
2025-10-03 18:21:47,617 - services.nlp_service - INFO - NLP service initialized successfully
2025-10-03 18:21:47,628 - services.nlp_service - INFO - Cleaning up NLP service...
2025-10-03 18:22:46,009 - services.nlp_service - INFO - Initializing NLP service...
2025-10-03 18:22:47,763 - services.nlp_service - INFO - NLP service initialized successfully
2025-10-03 18:22:47,771 - services.nlp_service - INFO - Cleaning up NLP service...
2025-10-03 18:23:46,023 - services.nlp_service - INFO - Initializing NLP service...
2025-10-03 18:23:48,060 - services.nlp_service - INFO - NLP service initialized successfully
2025-10-03 18:23:48,077 - services.nlp_service - INFO - Cleaning up NLP service...
2025-10-03 18:24:46,053 - services.nlp_service - INFO - Initializing NLP service...
2025-10-03 18:24:48,045 - services.nlp_service - INFO - NLP service initialized successfully
2025-10-03 18:24:48,059 - services.nlp_service - INFO - Cleaning up NLP service...
2025-10-03 18:25:46,031 - services.nlp_service - INFO - Initializing NLP service...
2025-10-03 18:25:48,252 - services.nlp_service - INFO - NLP service initialized successfully
2025-10-03 18:25:48,268 - services.nlp_service - INFO - Cleaning up NLP service...
2025-10-03 18:26:46,006 - services.nlp_service - INFO - Initializing NLP service...
2025-10-03 18:26:47,747 - services.nlp_service - INFO - NLP service initialized successfully
2025-10-03 18:26:47,767 - services.nlp_service - INFO - Cleaning up NLP service...
2025-10-03 18:27:46,006 - services.nlp_service - INFO - Initializing NLP service...
2025-10-03 18:27:47,946 - services.nlp_service - INFO - NLP service initialized successfully
2025-10-03 18:27:47,963 - services.nlp_service - INFO - Cleaning up NLP service...
2025-10-03 18:28:45,973 - services.nlp_service - INFO - Initializing NLP service...
2025-10-03 18:28:47,668 - services.nlp_service - INFO - NLP service initialized successfully
2025-10-03 18:28:47,679 - services.nlp_service - INFO - Cleaning up NLP service...
2025-10-03 18:29:46,015 - services.nlp_service - INFO - Initializing NLP service...
2025-10-03 18:29:47,543 - services.nlp_service - INFO - NLP service initialized successfully
2025-10-03 18:29:47,560 - services.nlp_service - INFO - Cleaning up NLP service...
2025-10-03 18:30:46,014 - services.nlp_service - INFO - Initializing NLP service...
2025-10-03 18:30:47,562 - services.nlp_service - INFO - NLP service initialized successfully
2025-10-03 18:30:47,573 - services.nlp_service - INFO - Cleaning up NLP service...
2025-10-03 18:31:46,053 - services.nlp_service - INFO - Initializing NLP service...
2025-10-03 18:31:47,992 - services.nlp_service - INFO - NLP service initialized successfully
2025-10-03 18:31:48,010 - services.nlp_service - INFO - Cleaning up NLP service...
2025-10-03 18:32:46,023 - services.nlp_service - INFO - Initializing NLP service...
2025-10-03 18:32:47,947 - services.nlp_service - INFO - NLP service initialized successfully
2025-10-03 18:32:47,962 - services.nlp_service - INFO - Cleaning up NLP service...
2025-10-03 18:33:46,017 - services.nlp_service - INFO - Initializing NLP service...
2025-10-03 18:33:53,062 - services.nlp_service - INFO - NLP service initialized successfully
2025-10-03 18:33:53,070 - services.nlp_service - INFO - Cleaning up NLP service...
2025-10-03 18:34:46,008 - services.nlp_service - INFO - Initializing NLP service...
2025-10-03 18:34:47,510 - services.nlp_service - INFO - NLP service initialized successfully
2025-10-03 18:34:47,520 - services.nlp_service - INFO - Cleaning up NLP service...
2025-10-03 18:35:45,998 - services.nlp_service - INFO - Initializing NLP service...
2025-10-03 18:35:47,505 - services.nlp_service - INFO - NLP service initialized successfully
2025-10-03 18:35:47,516 - services.nlp_service - INFO - Cleaning up NLP service...
2025-10-03 18:36:45,998 - services.nlp_service - INFO - Initializing NLP service...
2025-10-03 18:36:47,330 - services.nlp_service - INFO - NLP service initialized successfully
2025-10-03 18:36:47,348 - services.nlp_service - INFO - Cleaning up NLP service...
2025-10-03 18:37:45,691 - services.nlp_service - INFO - Initializing NLP service...
2025-10-03 18:37:47,392 - services.nlp_service - INFO - NLP service initialized successfully
2025-10-03 18:37:47,402 - services.nlp_service - INFO - Cleaning up NLP service...
2025-10-03 18:38:46,010 - services.nlp_service - INFO - Initializing NLP service...
2025-10-03 18:38:47,710 - services.nlp_service - INFO - NLP service initialized successfully
2025-10-03 18:38:47,718 - services.nlp_service - INFO - Cleaning up NLP service...
2025-10-03 18:39:45,998 - services.nlp_service - INFO - Initializing NLP service...
2025-10-03 18:39:47,947 - services.nlp_service - INFO - NLP service initialized successfully
2025-10-03 18:39:47,960 - services.nlp_service - INFO - Cleaning up NLP service...
2025-10-03 18:40:46,029 - services.nlp_service - INFO - Initializing NLP service...
2025-10-03 18:40:48,682 - services.nlp_service - INFO - NLP service initialized successfully
2025-10-03 18:40:48,767 - services.nlp_service - INFO - Cleaning up NLP service...
2025-10-03 18:41:46,054 - services.nlp_service - INFO - Initializing NLP service...
2025-10-03 18:41:47,688 - services.nlp_service - INFO - NLP service initialized successfully
2025-10-03 18:41:47,702 - services.nlp_service - INFO - Cleaning up NLP service...
2025-10-03 18:42:46,017 - services.nlp_service - INFO - Initializing NLP service...
2025-10-03 18:42:48,057 - services.nlp_service - INFO - NLP service initialized successfully
2025-10-03 18:42:48,071 - services.nlp_service - INFO - Cleaning up NLP service...
2025-10-03 18:43:46,028 - services.nlp_service - INFO - Initializing NLP service...
2025-10-03 18:43:48,151 - services.nlp_service - INFO - NLP service initialized successfully
2025-10-03 18:43:48,167 - services.nlp_service - INFO - Cleaning up NLP service...
2025-10-03 18:44:46,020 - services.nlp_service - INFO - Initializing NLP service...
2025-10-03 18:44:47,826 - services.nlp_service - INFO - NLP service initialized successfully
2025-10-03 18:44:47,845 - services.nlp_service - INFO - Cleaning up NLP service...
2025-10-03 18:45:47,129 - services.nlp_service - INFO - Initializing NLP service...
2025-10-03 18:45:49,868 - services.nlp_service - INFO - NLP service initialized successfully
2025-10-03 18:45:49,892 - services.nlp_service - INFO - Cleaning up NLP service...
2025-10-03 18:46:46,050 - services.nlp_service - INFO - Initializing NLP service...
2025-10-03 18:46:47,864 - services.nlp_service - INFO - NLP service initialized successfully
2025-10-03 18:46:47,879 - services.nlp_service - INFO - Cleaning up NLP service...
2025-10-03 18:47:46,011 - services.nlp_service - INFO - Initializing NLP service...
2025-10-03 18:47:48,221 - services.nlp_service - INFO - NLP service initialized successfully
2025-10-03 18:47:48,238 - services.nlp_service - INFO - Cleaning up NLP service...
2025-10-03 18:48:45,690 - services.nlp_service - INFO - Initializing NLP service...
2025-10-03 18:48:47,665 - services.nlp_service - INFO - NLP service initialized successfully
2025-10-03 18:48:47,674 - services.nlp_service - INFO - Cleaning up NLP service...
2025-10-03 18:49:45,992 - services.nlp_service - INFO - Initializing NLP service...
2025-10-03 18:49:47,587 - services.nlp_service - INFO - NLP service initialized successfully
2025-10-03 18:49:47,595 - services.nlp_service - INFO - Cleaning up NLP service...
2025-10-03 18:50:46,007 - services.nlp_service - INFO - Initializing NLP service...
2025-10-03 18:50:54,607 - services.nlp_service - INFO - NLP service initialized successfully
2025-10-03 18:50:54,614 - services.nlp_service - INFO - Cleaning up NLP service...
2025-10-03 18:51:45,994 - services.nlp_service - INFO - Initializing NLP service...
2025-10-03 18:51:47,943 - services.nlp_service - INFO - NLP service initialized successfully
2025-10-03 18:51:47,956 - services.nlp_service - INFO - Cleaning up NLP service...
2025-10-03 18:52:46,002 - services.nlp_service - INFO - Initializing NLP service...
2025-10-03 18:52:48,030 - services.nlp_service - INFO - NLP service initialized successfully
2025-10-03 18:52:48,043 - services.nlp_service - INFO - Cleaning up NLP service...
2025-10-03 18:53:46,027 - services.nlp_service - INFO - Initializing NLP service...
2025-10-03 18:53:48,169 - services.nlp_service - INFO - NLP service initialized successfully
2025-10-03 18:53:48,181 - services.nlp_service - INFO - Cleaning up NLP service...
2025-10-03 18:54:46,020 - services.nlp_service - INFO - Initializing NLP service...
2025-10-03 18:54:47,844 - services.nlp_service - INFO - NLP service initialized successfully
2025-10-03 18:54:47,858 - services.nlp_service - INFO - Cleaning up NLP service...
2025-10-03 18:55:46,017 - services.nlp_service - INFO - Initializing NLP service...
2025-10-03 18:55:48,024 - services.nlp_service - INFO - NLP service initialized successfully
2025-10-03 18:55:48,039 - services.nlp_service - INFO - Cleaning up NLP service...
2025-10-03 18:56:46,019 - services.nlp_service - INFO - Initializing NLP service...
2025-10-03 18:56:47,699 - services.nlp_service - INFO - NLP service initialized successfully
2025-10-03 18:56:47,710 - services.nlp_service - INFO - Cleaning up NLP service...
2025-10-03 18:57:46,001 - services.nlp_service - INFO - Initializing NLP service...
2025-10-03 18:57:48,061 - services.nlp_service - INFO - NLP service initialized successfully
2025-10-03 18:57:48,079 - services.nlp_service - INFO - Cleaning up NLP service...
2025-10-03 18:58:46,002 - services.nlp_service - INFO - Initializing NLP service...
2025-10-03 18:58:48,079 - services.nlp_service - INFO - NLP service initialized successfully
2025-10-03 18:58:48,108 - services.nlp_service - INFO - Cleaning up NLP service...
2025-10-03 18:59:46,018 - services.nlp_service - INFO - Initializing NLP service...
2025-10-03 18:59:48,574 - services.nlp_service - INFO - NLP service initialized successfully
2025-10-03 18:59:48,593 - services.nlp_service - INFO - Cleaning up NLP service...
2025-10-03 19:00:46,060 - services.nlp_service - INFO - Initializing NLP service...
2025-10-03 19:00:48,428 - services.nlp_service - INFO - NLP service initialized successfully
2025-10-03 19:00:48,452 - services.nlp_service - INFO - Cleaning up NLP service...
2025-10-03 19:01:45,737 - services.nlp_service - INFO - Initializing NLP service...
2025-10-03 19:01:48,004 - services.nlp_service - INFO - NLP service initialized successfully
2025-10-03 19:01:48,024 - services.nlp_service - INFO - Cleaning up NLP service...
2025-10-03 19:02:46,019 - services.nlp_service - INFO - Initializing NLP service...
2025-10-03 19:02:49,421 - services.nlp_service - INFO - NLP service initialized successfully
2025-10-03 19:02:49,436 - services.nlp_service - INFO - Cleaning up NLP service...
2025-10-03 19:03:45,989 - services.nlp_service - INFO - Initializing NLP service...
2025-10-03 19:03:48,261 - services.nlp_service - INFO - NLP service initialized successfully
2025-10-03 19:03:48,277 - services.nlp_service - INFO - Cleaning up NLP service...
2025-10-03 19:04:46,015 - services.nlp_service - INFO - Initializing NLP service...
2025-10-03 19:04:47,660 - services.nlp_service - INFO - NLP service initialized successfully
2025-10-03 19:04:47,672 - services.nlp_service - INFO - Cleaning up NLP service...
2025-10-03 19:05:46,020 - services.nlp_service - INFO - Initializing NLP service...
2025-10-03 19:05:48,459 - services.nlp_service - INFO - NLP service initialized successfully
2025-10-03 19:05:48,469 - services.nlp_service - INFO - Cleaning up NLP service...
2025-10-03 19:06:46,004 - services.nlp_service - INFO - Initializing NLP service...
2025-10-03 19:06:56,532 - services.nlp_service - INFO - NLP service initialized successfully
2025-10-03 19:06:56,556 - services.nlp_service - INFO - Cleaning up NLP service...
2025-10-03 19:07:46,016 - services.nlp_service - INFO - Initializing NLP service...
2025-10-03 19:07:48,198 - services.nlp_service - INFO - NLP service initialized successfully
2025-10-03 19:07:48,218 - services.nlp_service - INFO - Cleaning up NLP service...
2025-10-03 19:08:45,992 - services.nlp_service - INFO - Initializing NLP service...
2025-10-03 19:08:48,036 - services.nlp_service - INFO - NLP service initialized successfully
2025-10-03 19:08:48,048 - services.nlp_service - INFO - Cleaning up NLP service...
2025-10-03 19:09:46,011 - services.nlp_service - INFO - Initializing NLP service...
2025-10-03 19:09:47,969 - services.nlp_service - INFO - NLP service initialized successfully
2025-10-03 19:09:47,985 - services.nlp_service - INFO - Cleaning up NLP service...
2025-10-03 19:10:46,016 - services.nlp_service - INFO - Initializing NLP service...
2025-10-03 19:10:47,831 - services.nlp_service - INFO - NLP service initialized successfully
2025-10-03 19:10:47,855 - services.nlp_service - INFO - Cleaning up NLP service...
2025-10-03 19:11:46,022 - services.nlp_service - INFO - Initializing NLP service...
2025-10-03 19:11:48,476 - services.nlp_service - INFO - NLP service initialized successfully
2025-10-03 19:11:48,495 - services.nlp_service - INFO - Cleaning up NLP service...
2025-10-03 19:12:45,998 - services.nlp_service - INFO - Initializing NLP service...
2025-10-03 19:12:48,518 - services.nlp_service - INFO - NLP service initialized successfully
2025-10-03 19:12:48,536 - services.nlp_service - INFO - Cleaning up NLP service...
2025-10-03 19:13:46,027 - services.nlp_service - INFO - Initializing NLP service...
2025-10-03 19:13:48,131 - services.nlp_service - INFO - NLP service initialized successfully
2025-10-03 19:13:48,142 - services.nlp_service - INFO - Cleaning up NLP service...
2025-10-03 19:14:46,000 - services.nlp_service - INFO - Initializing NLP service...
2025-10-03 19:14:47,981 - services.nlp_service - INFO - NLP service initialized successfully
2025-10-03 19:14:47,991 - services.nlp_service - INFO - Cleaning up NLP service...
2025-10-03 19:15:46,003 - services.nlp_service - INFO - Initializing NLP service...
2025-10-03 19:15:48,458 - services.nlp_service - INFO - NLP service initialized successfully
2025-10-03 19:15:48,472 - services.nlp_service - INFO - Cleaning up NLP service...
2025-10-03 19:16:46,055 - services.nlp_service - INFO - Initializing NLP service...
2025-10-03 19:16:47,758 - services.nlp_service - INFO - NLP service initialized successfully
2025-10-03 19:16:47,772 - services.nlp_service - INFO - Cleaning up NLP service...
2025-10-03 19:17:46,619 - services.nlp_service - INFO - Initializing NLP service...
2025-10-03 19:17:49,054 - services.nlp_service - INFO - NLP service initialized successfully
2025-10-03 19:17:49,066 - services.nlp_service - INFO - Cleaning up NLP service...
2025-10-03 19:18:46,005 - services.nlp_service - INFO - Initializing NLP service...
2025-10-03 19:18:47,974 - services.nlp_service - INFO - NLP service initialized successfully
2025-10-03 19:18:47,988 - services.nlp_service - INFO - Cleaning up NLP service...
2025-10-03 19:19:45,998 - services.nlp_service - INFO - Initializing NLP service...
2025-10-03 19:19:50,596 - services.nlp_service - INFO - NLP service initialized successfully
2025-10-03 19:19:50,625 - services.nlp_service - INFO - Cleaning up NLP service...
2025-10-03 19:20:46,017 - services.nlp_service - INFO - Initializing NLP service...
2025-10-03 19:20:47,830 - services.nlp_service - INFO - NLP service initialized successfully
2025-10-03 19:20:47,842 - services.nlp_service - INFO - Cleaning up NLP service...
2025-10-03 19:21:46,017 - services.nlp_service - INFO - Initializing NLP service...
2025-10-03 19:21:48,024 - services.nlp_service - INFO - NLP service initialized successfully
2025-10-03 19:21:48,034 - services.nlp_service - INFO - Cleaning up NLP service...
2025-10-03 19:22:46,018 - services.nlp_service - INFO - Initializing NLP service...
2025-10-03 19:22:55,284 - services.nlp_service - INFO - NLP service initialized successfully
2025-10-03 19:22:55,301 - services.nlp_service - INFO - Cleaning up NLP service...
2025-10-03 19:23:46,005 - services.nlp_service - INFO - Initializing NLP service...
2025-10-03 19:23:48,793 - services.nlp_service - INFO - NLP service initialized successfully
2025-10-03 19:23:48,829 - services.nlp_service - INFO - Cleaning up NLP service...
2025-10-03 19:24:46,110 - services.nlp_service - INFO - Initializing NLP service...
2025-10-03 19:24:47,944 - services.nlp_service - INFO - NLP service initialized successfully
2025-10-03 19:24:47,958 - services.nlp_service - INFO - Cleaning up NLP service...
2025-10-03 19:25:46,134 - services.nlp_service - INFO - Initializing NLP service...
2025-10-03 19:25:47,938 - services.nlp_service - INFO - NLP service initialized successfully
2025-10-03 19:25:47,951 - services.nlp_service - INFO - Cleaning up NLP service...
2025-10-03 19:26:46,046 - services.nlp_service - INFO - Initializing NLP service...
2025-10-03 19:26:48,785 - services.nlp_service - INFO - NLP service initialized successfully
2025-10-03 19:26:48,810 - services.nlp_service - INFO - Cleaning up NLP service...
2025-10-03 19:27:46,020 - services.nlp_service - INFO - Initializing NLP service...
2025-10-03 19:27:48,340 - services.nlp_service - INFO - NLP service initialized successfully
2025-10-03 19:27:48,354 - services.nlp_service - INFO - Cleaning up NLP service...
2025-10-03 19:28:46,056 - services.nlp_service - INFO - Initializing NLP service...
2025-10-03 19:28:47,983 - services.nlp_service - INFO - NLP service initialized successfully
2025-10-03 19:28:48,006 - services.nlp_service - INFO - Cleaning up NLP service...
2025-10-03 19:29:46,009 - services.nlp_service - INFO - Initializing NLP service...
2025-10-03 19:29:48,549 - services.nlp_service - INFO - NLP service initialized successfully
2025-10-03 19:29:48,562 - services.nlp_service - INFO - Cleaning up NLP service...
2025-10-03 19:30:46,045 - services.nlp_service - INFO - Initializing NLP service...
2025-10-03 19:30:48,342 - services.nlp_service - INFO - NLP service initialized successfully
2025-10-03 19:30:48,352 - services.nlp_service - INFO - Cleaning up NLP service...
2025-10-03 19:31:45,990 - services.nlp_service - INFO - Initializing NLP service...
2025-10-03 19:31:47,989 - services.nlp_service - INFO - NLP service initialized successfully
2025-10-03 19:31:48,004 - services.nlp_service - INFO - Cleaning up NLP service...
2025-10-03 19:32:46,947 - services.nlp_service - INFO - Initializing NLP service...
2025-10-03 19:32:49,187 - services.nlp_service - INFO - NLP service initialized successfully
2025-10-03 19:32:49,205 - services.nlp_service - INFO - Cleaning up NLP service...
2025-10-03 19:33:45,995 - services.nlp_service - INFO - Initializing NLP service...
2025-10-03 19:33:48,507 - services.nlp_service - INFO - NLP service initialized successfully
2025-10-03 19:33:48,532 - services.nlp_service - INFO - Cleaning up NLP service...
2025-10-03 19:34:46,008 - services.nlp_service - INFO - Initializing NLP service...
2025-10-03 19:34:48,248 - services.nlp_service - INFO - NLP service initialized successfully
2025-10-03 19:34:48,260 - services.nlp_service - INFO - Cleaning up NLP service...
2025-10-03 19:35:46,018 - services.nlp_service - INFO - Initializing NLP service...
2025-10-03 19:35:48,310 - services.nlp_service - INFO - NLP service initialized successfully
2025-10-03 19:35:48,323 - services.nlp_service - INFO - Cleaning up NLP service...
2025-10-03 19:36:46,011 - services.nlp_service - INFO - Initializing NLP service...
2025-10-03 19:36:47,824 - services.nlp_service - INFO - NLP service initialized successfully
2025-10-03 19:36:47,837 - services.nlp_service - INFO - Cleaning up NLP service...
2025-10-03 19:37:46,010 - services.nlp_service - INFO - Initializing NLP service...
2025-10-03 19:37:48,141 - services.nlp_service - INFO - NLP service initialized successfully
2025-10-03 19:37:48,155 - services.nlp_service - INFO - Cleaning up NLP service...
2025-10-03 19:38:46,005 - services.nlp_service - INFO - Initializing NLP service...
2025-10-03 19:38:56,076 - services.nlp_service - INFO - NLP service initialized successfully
2025-10-03 19:38:56,094 - services.nlp_service - INFO - Cleaning up NLP service...
2025-10-03 19:39:46,032 - services.nlp_service - INFO - Initializing NLP service...
2025-10-03 19:39:48,874 - services.nlp_service - INFO - NLP service initialized successfully
2025-10-03 19:39:48,891 - services.nlp_service - INFO - Cleaning up NLP service...
2025-10-03 19:40:45,996 - services.nlp_service - INFO - Initializing NLP service...
2025-10-03 19:40:49,414 - services.nlp_service - INFO - NLP service initialized successfully
2025-10-03 19:40:49,459 - services.nlp_service - INFO - Cleaning up NLP service...
2025-10-03 19:41:46,042 - services.nlp_service - INFO - Initializing NLP service...
2025-10-03 19:41:48,575 - services.nlp_service - INFO - NLP service initialized successfully
2025-10-03 19:41:48,598 - services.nlp_service - INFO - Cleaning up NLP service...
2025-10-03 19:42:35,038 - services.nlp_service - INFO - Initializing NLP service...
2025-10-03 19:42:39,732 - services.nlp_service - INFO - NLP service initialized successfully
2025-10-03 19:42:39,933 - services.nlp_service - INFO - Cleaning up NLP service...
2025-10-03 19:43:03,271 - services.nlp_service - INFO - Initializing NLP service...
